<?xml version="1.0" encoding="UTF-8" ?>
<testsuite tests="2" failures="2" name="Test1" time="103.054" errors="0" skipped="0">
  <properties>
    <property name="java.runtime.name" value="Java(TM) SE Runtime Environment"/>
    <property name="sun.boot.library.path" value="C:\Program Files\Java\jre1.8.0_131\bin"/>
    <property name="java.vm.version" value="25.131-b11"/>
    <property name="java.vm.vendor" value="Oracle Corporation"/>
    <property name="java.vendor.url" value="http://java.oracle.com/"/>
    <property name="path.separator" value=";"/>
    <property name="guice.disable.misplaced.annotation.check" value="true"/>
    <property name="java.vm.name" value="Java HotSpot(TM) 64-Bit Server VM"/>
    <property name="file.encoding.pkg" value="sun.io"/>
    <property name="user.script" value=""/>
    <property name="user.country" value="IN"/>
    <property name="sun.java.launcher" value="SUN_STANDARD"/>
    <property name="sun.os.patch.level" value="Service Pack 1"/>
    <property name="java.vm.specification.name" value="Java Virtual Machine Specification"/>
    <property name="user.dir" value="D:\SeleniumWorkspace\MavenTestNGProject"/>
    <property name="java.runtime.version" value="1.8.0_131-b11"/>
    <property name="java.awt.graphicsenv" value="sun.awt.Win32GraphicsEnvironment"/>
    <property name="java.endorsed.dirs" value="C:\Program Files\Java\jre1.8.0_131\lib\endorsed"/>
    <property name="os.arch" value="amd64"/>
    <property name="java.io.tmpdir" value="C:\Users\SWATI~1.JAI\AppData\Local\Temp\"/>
    <property name="line.separator" value="
"/>
    <property name="java.vm.specification.vendor" value="Oracle Corporation"/>
    <property name="user.variant" value=""/>
    <property name="os.name" value="Windows 7"/>
    <property name="classworlds.conf" value="D:\SeleniumWorkspace\.metadata\.plugins\org.eclipse.m2e.launching\launches\m2conf8617899896172761298.tmp"/>
    <property name="sun.jnu.encoding" value="Cp1252"/>
    <property name="java.library.path" value="C:\Program Files\Java\jre1.8.0_131\bin;C:\Windows\Sun\Java\bin;C:\Windows\system32;C:\Windows;C:/Program Files/Java/jre1.8.0_131/bin/server;C:/Program Files/Java/jre1.8.0_131/bin;C:/Program Files/Java/jre1.8.0_131/lib/amd64;C:\oraclexe\app\oracle\product\11.2.0\server\bin;C:\oraclexe\app\oracle\product\11.2.0\server\bin;;C:\ProgramData\Oracle\Java\javapath;C:\Windows\system32;C:\Windows;C:\Windows\System32\Wbem;C:\Windows\System32\WindowsPowerShell\v1.0\;C:\Program Files (x86)\Intel\OpenCL SDK\2.0\bin\x86;C:\Program Files (x86)\Intel\OpenCL SDK\2.0\bin\x64;C:\Program Files\Intel\WiFi\bin\;C:\Program Files\Common Files\Intel\WirelessCommon\;C:\Program Files\WIDCOMM\Bluetooth Software\;C:\Program Files\WIDCOMM\Bluetooth Software\syswow64;C:\Program Files (x86)\Symantec\VIP Access Client\;C:\Program Files (x86)\Skype\Phone\;C:\Users\swati.jaiswal\Downloads\apache-maven-3.5.0-bin\apache-maven-3.5.0\bin;D:\eclipse-Luna-4.2.2;;."/>
    <property name="java.specification.name" value="Java Platform API Specification"/>
    <property name="java.class.version" value="52.0"/>
    <property name="sun.management.compiler" value="HotSpot 64-Bit Tiered Compilers"/>
    <property name="os.version" value="6.1"/>
    <property name="user.home" value="C:\Users\swati.jaiswal"/>
    <property name="user.timezone" value="Asia/Calcutta"/>
    <property name="java.awt.printerjob" value="sun.awt.windows.WPrinterJob"/>
    <property name="java.specification.version" value="1.8"/>
    <property name="file.encoding" value="Cp1252"/>
    <property name="user.name" value="swati.jaiswal"/>
    <property name="java.class.path" value="/D:/eclipse-Luna-4.2.2/plugins/org.eclipse.m2e.maven.runtime_1.5.1.20150109-1819/jars/plexus-classworlds-2.5.1.jar"/>
    <property name="org.slf4j.simpleLogger.defaultLogLevel" value="info"/>
    <property name="java.vm.specification.version" value="1.8"/>
    <property name="sun.arch.data.model" value="64"/>
    <property name="java.home" value="C:\Program Files\Java\jre1.8.0_131"/>
    <property name="sun.java.command" value="org.codehaus.plexus.classworlds.launcher.Launcher -B install"/>
    <property name="java.specification.vendor" value="Oracle Corporation"/>
    <property name="user.language" value="en"/>
    <property name="awt.toolkit" value="sun.awt.windows.WToolkit"/>
    <property name="java.vm.info" value="mixed mode"/>
    <property name="java.version" value="1.8.0_131"/>
    <property name="java.ext.dirs" value="C:\Program Files\Java\jre1.8.0_131\lib\ext;C:\Windows\Sun\Java\lib\ext"/>
    <property name="sun.boot.class.path" value="C:\Program Files\Java\jre1.8.0_131\lib\resources.jar;C:\Program Files\Java\jre1.8.0_131\lib\rt.jar;C:\Program Files\Java\jre1.8.0_131\lib\sunrsasign.jar;C:\Program Files\Java\jre1.8.0_131\lib\jsse.jar;C:\Program Files\Java\jre1.8.0_131\lib\jce.jar;C:\Program Files\Java\jre1.8.0_131\lib\charsets.jar;C:\Program Files\Java\jre1.8.0_131\lib\jfr.jar;C:\Program Files\Java\jre1.8.0_131\classes"/>
    <property name="java.vendor" value="Oracle Corporation"/>
    <property name="maven.home" value="D:\SeleniumWorkspace\MavenTestNGProject\EMBEDDED"/>
    <property name="file.separator" value="\"/>
    <property name="java.vendor.url.bug" value="http://bugreport.sun.com/bugreport/"/>
    <property name="sun.cpu.endian" value="little"/>
    <property name="sun.io.unicode.encoding" value="UnicodeLittle"/>
    <property name="sun.desktop" value="windows"/>
    <property name="sun.cpu.isalist" value="amd64"/>
  </properties>
  <testcase classname="Test1" name="test1" time="51.526">
    <failure message="Failed to connect to binary FirefoxBinary(C:\Program Files (x86)\Mozilla Firefox\firefox.exe) on port 7055; process output follows: 
ing manifest for C:\Program Files (x86)\Mozilla Firefox\browser\features\webcompat@mozilla.org.xpi
1500356729358	addons.xpi	DEBUG	Calling bootstrap method startup on webcompat@mozilla.org version 1.1
1500356729364	addons.manager	DEBUG	Registering shutdown blocker for XPIProvider
1500356729364	addons.manager	DEBUG	Provider finished startup: XPIProvider
1500356729364	addons.manager	DEBUG	Starting provider: LightweightThemeManager
1500356729364	addons.manager	DEBUG	Registering shutdown blocker for LightweightThemeManager
1500356729364	addons.manager	DEBUG	Provider finished startup: LightweightThemeManager
1500356729365	addons.manager	DEBUG	Starting provider: GMPProvider
1500356729372	addons.manager	DEBUG	Registering shutdown blocker for GMPProvider
1500356729372	addons.manager	DEBUG	Provider finished startup: GMPProvider
1500356729372	addons.manager	DEBUG	Starting provider: PluginProvider
1500356729372	addons.manager	DEBUG	Registering shutdown blocker for PluginProvider
1500356729373	addons.manager	DEBUG	Provider finished startup: PluginProvider
1500356729373	addons.manager	DEBUG	Completed startup sequence
1500356731594	addons.manager	DEBUG	Starting provider: &lt;unnamed-provider&gt;
1500356731595	addons.manager	DEBUG	Registering shutdown blocker for &lt;unnamed-provider&gt;
1500356731595	addons.manager	DEBUG	Provider finished startup: &lt;unnamed-provider&gt;
1500356732040	DeferredSave.extensions.json	DEBUG	Write succeeded
1500356732040	addons.xpi-utils	DEBUG	XPI Database saved, setting schema version preference to 19
1500356732040	DeferredSave.extensions.json	DEBUG	Starting timer
1500356732059	addons.repository	DEBUG	No addons.json found.
1500356732059	DeferredSave.addons.json	DEBUG	Save changes
1500356732063	DeferredSave.addons.json	DEBUG	Starting timer
1500356732167	addons.manager	DEBUG	Starting provider: PreviousExperimentProvider
1500356732167	addons.manager	DEBUG	Registering shutdown blocker for PreviousExperimentProvider
1500356732168	addons.manager	DEBUG	Provider finished startup: PreviousExperimentProvider
1500356732174	DeferredSave.extensions.json	DEBUG	Starting write
1500356732176	DeferredSave.addons.json	DEBUG	Starting write
1500356732417	DeferredSave.extensions.json	DEBUG	Write succeeded
1500356732429	DeferredSave.addons.json	DEBUG	Write succeeded
[GPU 11328] WARNING: pipe error: 109: file c:/builds/moz2_slave/m-rel-w32-00000000000000000000/build/src/ipc/chromium/src/chrome/common/ipc_channel_win.cc, line 346
1500356757743	addons.xpi	DEBUG	Calling bootstrap method shutdown on webcompat@mozilla.org version 1.1
1500356757743	addons.xpi	DEBUG	Calling bootstrap method shutdown on screenshots@mozilla.org version 6.6.0
1500356757744	addons.xpi	DEBUG	Calling bootstrap method shutdown on firefox@getpocket.com version 1.0.5
1500356757747	addons.xpi	DEBUG	Calling bootstrap method shutdown on e10srollout@mozilla.org version 1.50
1500356757748	addons.xpi	DEBUG	Calling bootstrap method shutdown on aushelper@mozilla.org version 2.0
[GPU 11328] WARNING: pipe error: 109: file c:/builds/moz2_slave/m-rel-w32-00000000000000000000/build/src/ipc/chromium/src/chrome/common/ipc_channel_win.cc, line 346
[Child 8932] WARNING: pipe error: 109: file c:/builds/moz2_slave/m-rel-w32-00000000000000000000/build/src/ipc/chromium/src/chrome/common/ipc_channel_win.cc, line 346
1500356758124	addons.manager	DEBUG	shutdown
1500356758124	addons.manager	DEBUG	Calling shutdown blocker for XPIProvider
1500356758125	addons.xpi	DEBUG	shutdown
1500356758125	addons.xpi-utils	DEBUG	shutdown
1500356758126	addons.manager	DEBUG	Calling shutdown blocker for LightweightThemeManager
1500356758127	addons.manager	DEBUG	Calling shutdown blocker for GMPProvider
1500356758129	addons.manager	DEBUG	Calling shutdown blocker for PluginProvider
1500356758130	addons.manager	DEBUG	Calling shutdown blocker for &lt;unnamed-provider&gt;
1500356758132	addons.manager	DEBUG	Calling shutdown blocker for PreviousExperimentProvider
1500356758136	addons.xpi	DEBUG	Notifying XPI shutdown observers
1500356758142	addons.manager	DEBUG	Async provider shutdown done

Build info: version: &apos;2.53.1&apos;, revision: &apos;a36b8b1cd5757287168e54b817830adce9b0158d&apos;, time: &apos;2016-06-30 19:26:09&apos;
System info: host: &apos;LP-SwatiJaiswal&apos;, ip: &apos;172.18.100.85&apos;, os.name: &apos;Windows 7&apos;, os.arch: &apos;amd64&apos;, os.version: &apos;6.1&apos;, java.version: &apos;1.8.0_131&apos;
Driver info: driver.version: Driver" type="org.openqa.selenium.WebDriverException">org.openqa.selenium.WebDriverException: Failed to connect to binary FirefoxBinary(C:\Program Files (x86)\Mozilla Firefox\firefox.exe) on port 7055; process output follows: 
ing manifest for C:\Program Files (x86)\Mozilla Firefox\browser\features\webcompat@mozilla.org.xpi
1500356729358	addons.xpi	DEBUG	Calling bootstrap method startup on webcompat@mozilla.org version 1.1
1500356729364	addons.manager	DEBUG	Registering shutdown blocker for XPIProvider
1500356729364	addons.manager	DEBUG	Provider finished startup: XPIProvider
1500356729364	addons.manager	DEBUG	Starting provider: LightweightThemeManager
1500356729364	addons.manager	DEBUG	Registering shutdown blocker for LightweightThemeManager
1500356729364	addons.manager	DEBUG	Provider finished startup: LightweightThemeManager
1500356729365	addons.manager	DEBUG	Starting provider: GMPProvider
1500356729372	addons.manager	DEBUG	Registering shutdown blocker for GMPProvider
1500356729372	addons.manager	DEBUG	Provider finished startup: GMPProvider
1500356729372	addons.manager	DEBUG	Starting provider: PluginProvider
1500356729372	addons.manager	DEBUG	Registering shutdown blocker for PluginProvider
1500356729373	addons.manager	DEBUG	Provider finished startup: PluginProvider
1500356729373	addons.manager	DEBUG	Completed startup sequence
1500356731594	addons.manager	DEBUG	Starting provider: &lt;unnamed-provider&gt;
1500356731595	addons.manager	DEBUG	Registering shutdown blocker for &lt;unnamed-provider&gt;
1500356731595	addons.manager	DEBUG	Provider finished startup: &lt;unnamed-provider&gt;
1500356732040	DeferredSave.extensions.json	DEBUG	Write succeeded
1500356732040	addons.xpi-utils	DEBUG	XPI Database saved, setting schema version preference to 19
1500356732040	DeferredSave.extensions.json	DEBUG	Starting timer
1500356732059	addons.repository	DEBUG	No addons.json found.
1500356732059	DeferredSave.addons.json	DEBUG	Save changes
1500356732063	DeferredSave.addons.json	DEBUG	Starting timer
1500356732167	addons.manager	DEBUG	Starting provider: PreviousExperimentProvider
1500356732167	addons.manager	DEBUG	Registering shutdown blocker for PreviousExperimentProvider
1500356732168	addons.manager	DEBUG	Provider finished startup: PreviousExperimentProvider
1500356732174	DeferredSave.extensions.json	DEBUG	Starting write
1500356732176	DeferredSave.addons.json	DEBUG	Starting write
1500356732417	DeferredSave.extensions.json	DEBUG	Write succeeded
1500356732429	DeferredSave.addons.json	DEBUG	Write succeeded
[GPU 11328] WARNING: pipe error: 109: file c:/builds/moz2_slave/m-rel-w32-00000000000000000000/build/src/ipc/chromium/src/chrome/common/ipc_channel_win.cc, line 346
1500356757743	addons.xpi	DEBUG	Calling bootstrap method shutdown on webcompat@mozilla.org version 1.1
1500356757743	addons.xpi	DEBUG	Calling bootstrap method shutdown on screenshots@mozilla.org version 6.6.0
1500356757744	addons.xpi	DEBUG	Calling bootstrap method shutdown on firefox@getpocket.com version 1.0.5
1500356757747	addons.xpi	DEBUG	Calling bootstrap method shutdown on e10srollout@mozilla.org version 1.50
1500356757748	addons.xpi	DEBUG	Calling bootstrap method shutdown on aushelper@mozilla.org version 2.0
[GPU 11328] WARNING: pipe error: 109: file c:/builds/moz2_slave/m-rel-w32-00000000000000000000/build/src/ipc/chromium/src/chrome/common/ipc_channel_win.cc, line 346
[Child 8932] WARNING: pipe error: 109: file c:/builds/moz2_slave/m-rel-w32-00000000000000000000/build/src/ipc/chromium/src/chrome/common/ipc_channel_win.cc, line 346
1500356758124	addons.manager	DEBUG	shutdown
1500356758124	addons.manager	DEBUG	Calling shutdown blocker for XPIProvider
1500356758125	addons.xpi	DEBUG	shutdown
1500356758125	addons.xpi-utils	DEBUG	shutdown
1500356758126	addons.manager	DEBUG	Calling shutdown blocker for LightweightThemeManager
1500356758127	addons.manager	DEBUG	Calling shutdown blocker for GMPProvider
1500356758129	addons.manager	DEBUG	Calling shutdown blocker for PluginProvider
1500356758130	addons.manager	DEBUG	Calling shutdown blocker for &lt;unnamed-provider&gt;
1500356758132	addons.manager	DEBUG	Calling shutdown blocker for PreviousExperimentProvider
1500356758136	addons.xpi	DEBUG	Notifying XPI shutdown observers
1500356758142	addons.manager	DEBUG	Async provider shutdown done
Build info: version: &apos;2.53.1&apos;, revision: &apos;a36b8b1cd5757287168e54b817830adce9b0158d&apos;, time: &apos;2016-06-30 19:26:09&apos;
System info: host: &apos;LP-SwatiJaiswal&apos;, ip: &apos;172.18.100.85&apos;, os.name: &apos;Windows 7&apos;, os.arch: &apos;amd64&apos;, os.version: &apos;6.1&apos;, java.version: &apos;1.8.0_131&apos;
Driver info: driver.version: Driver
	at org.openqa.selenium.firefox.internal.NewProfileExtensionConnection.start(NewProfileExtensionConnection.java:125)
	at org.openqa.selenium.firefox.FirefoxDriver.startClient(FirefoxDriver.java:271)
	at org.openqa.selenium.remote.RemoteWebDriver.&lt;init&gt;(RemoteWebDriver.java:119)
	at org.openqa.selenium.firefox.FirefoxDriver.&lt;init&gt;(FirefoxDriver.java:216)
	at org.openqa.selenium.firefox.FirefoxDriver.&lt;init&gt;(FirefoxDriver.java:211)
	at org.openqa.selenium.firefox.FirefoxDriver.&lt;init&gt;(FirefoxDriver.java:207)
	at org.openqa.selenium.firefox.FirefoxDriver.&lt;init&gt;(FirefoxDriver.java:120)
	at testDriver.Driver.init(Driver.java:17)
	at Test1.test1(Test1.java:29)
Caused by: org.openqa.selenium.firefox.NotConnectedException: Unable to connect to host 127.0.0.1 on port 7055 after 45000 ms. Firefox console output:
ing manifest for C:\Program Files (x86)\Mozilla Firefox\browser\features\webcompat@mozilla.org.xpi
1500356729358	addons.xpi	DEBUG	Calling bootstrap method startup on webcompat@mozilla.org version 1.1
1500356729364	addons.manager	DEBUG	Registering shutdown blocker for XPIProvider
1500356729364	addons.manager	DEBUG	Provider finished startup: XPIProvider
1500356729364	addons.manager	DEBUG	Starting provider: LightweightThemeManager
1500356729364	addons.manager	DEBUG	Registering shutdown blocker for LightweightThemeManager
1500356729364	addons.manager	DEBUG	Provider finished startup: LightweightThemeManager
1500356729365	addons.manager	DEBUG	Starting provider: GMPProvider
1500356729372	addons.manager	DEBUG	Registering shutdown blocker for GMPProvider
1500356729372	addons.manager	DEBUG	Provider finished startup: GMPProvider
1500356729372	addons.manager	DEBUG	Starting provider: PluginProvider
1500356729372	addons.manager	DEBUG	Registering shutdown blocker for PluginProvider
1500356729373	addons.manager	DEBUG	Provider finished startup: PluginProvider
1500356729373	addons.manager	DEBUG	Completed startup sequence
1500356731594	addons.manager	DEBUG	Starting provider: &lt;unnamed-provider&gt;
1500356731595	addons.manager	DEBUG	Registering shutdown blocker for &lt;unnamed-provider&gt;
1500356731595	addons.manager	DEBUG	Provider finished startup: &lt;unnamed-provider&gt;
1500356732040	DeferredSave.extensions.json	DEBUG	Write succeeded
1500356732040	addons.xpi-utils	DEBUG	XPI Database saved, setting schema version preference to 19
1500356732040	DeferredSave.extensions.json	DEBUG	Starting timer
1500356732059	addons.repository	DEBUG	No addons.json found.
1500356732059	DeferredSave.addons.json	DEBUG	Save changes
1500356732063	DeferredSave.addons.json	DEBUG	Starting timer
1500356732167	addons.manager	DEBUG	Starting provider: PreviousExperimentProvider
1500356732167	addons.manager	DEBUG	Registering shutdown blocker for PreviousExperimentProvider
1500356732168	addons.manager	DEBUG	Provider finished startup: PreviousExperimentProvider
1500356732174	DeferredSave.extensions.json	DEBUG	Starting write
1500356732176	DeferredSave.addons.json	DEBUG	Starting write
1500356732417	DeferredSave.extensions.json	DEBUG	Write succeeded
1500356732429	DeferredSave.addons.json	DEBUG	Write succeeded
[GPU 11328] WARNING: pipe error: 109: file c:/builds/moz2_slave/m-rel-w32-00000000000000000000/build/src/ipc/chromium/src/chrome/common/ipc_channel_win.cc, line 346
1500356757743	addons.xpi	DEBUG	Calling bootstrap method shutdown on webcompat@mozilla.org version 1.1
1500356757743	addons.xpi	DEBUG	Calling bootstrap method shutdown on screenshots@mozilla.org version 6.6.0
1500356757744	addons.xpi	DEBUG	Calling bootstrap method shutdown on firefox@getpocket.com version 1.0.5
1500356757747	addons.xpi	DEBUG	Calling bootstrap method shutdown on e10srollout@mozilla.org version 1.50
1500356757748	addons.xpi	DEBUG	Calling bootstrap method shutdown on aushelper@mozilla.org version 2.0
[GPU 11328] WARNING: pipe error: 109: file c:/builds/moz2_slave/m-rel-w32-00000000000000000000/build/src/ipc/chromium/src/chrome/common/ipc_channel_win.cc, line 346
[Child 8932] WARNING: pipe error: 109: file c:/builds/moz2_slave/m-rel-w32-00000000000000000000/build/src/ipc/chromium/src/chrome/common/ipc_channel_win.cc, line 346
1500356758124	addons.manager	DEBUG	shutdown
1500356758124	addons.manager	DEBUG	Calling shutdown blocker for XPIProvider
1500356758125	addons.xpi	DEBUG	shutdown
1500356758125	addons.xpi-utils	DEBUG	shutdown
1500356758126	addons.manager	DEBUG	Calling shutdown blocker for LightweightThemeManager
1500356758127	addons.manager	DEBUG	Calling shutdown blocker for GMPProvider
1500356758129	addons.manager	DEBUG	Calling shutdown blocker for PluginProvider
1500356758130	addons.manager	DEBUG	Calling shutdown blocker for &lt;unnamed-provider&gt;
1500356758132	addons.manager	DEBUG	Calling shutdown blocker for PreviousExperimentProvider
1500356758136	addons.xpi	DEBUG	Notifying XPI shutdown observers
1500356758142	addons.manager	DEBUG	Async provider shutdown done

	at org.openqa.selenium.firefox.internal.NewProfileExtensionConnection.start(NewProfileExtensionConnection.java:113)
	... 41 more
</failure>
    <system-out>Configuring TestNG with: org.apache.maven.surefire.testng.conf.TestNG652Configurator@7960847b
D:\SeleniumWorkspace\MavenTestNGProject
</system-out>
    <system-err>org.openqa.selenium.firefox.NotConnectedException: Unable to connect to host 127.0.0.1 on port 7055 after 45000 ms. Firefox console output:
ing manifest for C:\Program Files (x86)\Mozilla Firefox\browser\features\webcompat@mozilla.org.xpi
1500356729358	addons.xpi	DEBUG	Calling bootstrap method startup on webcompat@mozilla.org version 1.1
1500356729364	addons.manager	DEBUG	Registering shutdown blocker for XPIProvider
1500356729364	addons.manager	DEBUG	Provider finished startup: XPIProvider
1500356729364	addons.manager	DEBUG	Starting provider: LightweightThemeManager
1500356729364	addons.manager	DEBUG	Registering shutdown blocker for LightweightThemeManager
1500356729364	addons.manager	DEBUG	Provider finished startup: LightweightThemeManager
1500356729365	addons.manager	DEBUG	Starting provider: GMPProvider
1500356729372	addons.manager	DEBUG	Registering shutdown blocker for GMPProvider
1500356729372	addons.manager	DEBUG	Provider finished startup: GMPProvider
1500356729372	addons.manager	DEBUG	Starting provider: PluginProvider
1500356729372	addons.manager	DEBUG	Registering shutdown blocker for PluginProvider
1500356729373	addons.manager	DEBUG	Provider finished startup: PluginProvider
1500356729373	addons.manager	DEBUG	Completed startup sequence
1500356731594	addons.manager	DEBUG	Starting provider: &lt;unnamed-provider&gt;
1500356731595	addons.manager	DEBUG	Registering shutdown blocker for &lt;unnamed-provider&gt;
1500356731595	addons.manager	DEBUG	Provider finished startup: &lt;unnamed-provider&gt;
1500356732040	DeferredSave.extensions.json	DEBUG	Write succeeded
1500356732040	addons.xpi-utils	DEBUG	XPI Database saved, setting schema version preference to 19
1500356732040	DeferredSave.extensions.json	DEBUG	Starting timer
1500356732059	addons.repository	DEBUG	No addons.json found.
1500356732059	DeferredSave.addons.json	DEBUG	Save changes
1500356732063	DeferredSave.addons.json	DEBUG	Starting timer
1500356732167	addons.manager	DEBUG	Starting provider: PreviousExperimentProvider
1500356732167	addons.manager	DEBUG	Registering shutdown blocker for PreviousExperimentProvider
1500356732168	addons.manager	DEBUG	Provider finished startup: PreviousExperimentProvider
1500356732174	DeferredSave.extensions.json	DEBUG	Starting write
1500356732176	DeferredSave.addons.json	DEBUG	Starting write
1500356732417	DeferredSave.extensions.json	DEBUG	Write succeeded
1500356732429	DeferredSave.addons.json	DEBUG	Write succeeded
[GPU 11328] WARNING: pipe error: 109: file c:/builds/moz2_slave/m-rel-w32-00000000000000000000/build/src/ipc/chromium/src/chrome/common/ipc_channel_win.cc, line 346
1500356757743	addons.xpi	DEBUG	Calling bootstrap method shutdown on webcompat@mozilla.org version 1.1
1500356757743	addons.xpi	DEBUG	Calling bootstrap method shutdown on screenshots@mozilla.org version 6.6.0
1500356757744	addons.xpi	DEBUG	Calling bootstrap method shutdown on firefox@getpocket.com version 1.0.5
1500356757747	addons.xpi	DEBUG	Calling bootstrap method shutdown on e10srollout@mozilla.org version 1.50
1500356757748	addons.xpi	DEBUG	Calling bootstrap method shutdown on aushelper@mozilla.org version 2.0
[GPU 11328] WARNING: pipe error: 109: file c:/builds/moz2_slave/m-rel-w32-00000000000000000000/build/src/ipc/chromium/src/chrome/common/ipc_channel_win.cc, line 346
[Child 8932] WARNING: pipe error: 109: file c:/builds/moz2_slave/m-rel-w32-00000000000000000000/build/src/ipc/chromium/src/chrome/common/ipc_channel_win.cc, line 346
1500356758124	addons.manager	DEBUG	shutdown
1500356758124	addons.manager	DEBUG	Calling shutdown blocker for XPIProvider
1500356758125	addons.xpi	DEBUG	shutdown
1500356758125	addons.xpi-utils	DEBUG	shutdown
1500356758126	addons.manager	DEBUG	Calling shutdown blocker for LightweightThemeManager
1500356758127	addons.manager	DEBUG	Calling shutdown blocker for GMPProvider
1500356758129	addons.manager	DEBUG	Calling shutdown blocker for PluginProvider
1500356758130	addons.manager	DEBUG	Calling shutdown blocker for &lt;unnamed-provider&gt;
1500356758132	addons.manager	DEBUG	Calling shutdown blocker for PreviousExperimentProvider
1500356758136	addons.xpi	DEBUG	Notifying XPI shutdown observers
1500356758142	addons.manager	DEBUG	Async provider shutdown done

	at org.openqa.selenium.firefox.internal.NewProfileExtensionConnection.start(NewProfileExtensionConnection.java:113)
	at org.openqa.selenium.firefox.FirefoxDriver.startClient(FirefoxDriver.java:271)
	at org.openqa.selenium.remote.RemoteWebDriver.&lt;init&gt;(RemoteWebDriver.java:119)
	at org.openqa.selenium.firefox.FirefoxDriver.&lt;init&gt;(FirefoxDriver.java:216)
	at org.openqa.selenium.firefox.FirefoxDriver.&lt;init&gt;(FirefoxDriver.java:211)
	at org.openqa.selenium.firefox.FirefoxDriver.&lt;init&gt;(FirefoxDriver.java:207)
	at org.openqa.selenium.firefox.FirefoxDriver.&lt;init&gt;(FirefoxDriver.java:120)
	at testDriver.Driver.init(Driver.java:17)
	at Test1.test1(Test1.java:29)
	at sun.reflect.NativeMethodAccessorImpl.invoke0(Native Method)
	at sun.reflect.NativeMethodAccessorImpl.invoke(Unknown Source)
	at sun.reflect.DelegatingMethodAccessorImpl.invoke(Unknown Source)
	at java.lang.reflect.Method.invoke(Unknown Source)
	at org.testng.internal.MethodInvocationHelper.invokeMethod(MethodInvocationHelper.java:80)
	at org.testng.internal.Invoker.invokeMethod(Invoker.java:714)
	at org.testng.internal.Invoker.invokeTestMethod(Invoker.java:901)
	at org.testng.internal.Invoker.invokeTestMethods(Invoker.java:1231)
	at org.testng.internal.TestMethodWorker.invokeTestMethods(TestMethodWorker.java:127)
	at org.testng.internal.TestMethodWorker.run(TestMethodWorker.java:111)
	at org.testng.TestRunner.privateRun(TestRunner.java:767)
	at org.testng.TestRunner.run(TestRunner.java:617)
	at org.testng.SuiteRunner.runTest(SuiteRunner.java:334)
	at org.testng.SuiteRunner.runSequentially(SuiteRunner.java:329)
	at org.testng.SuiteRunner.privateRun(SuiteRunner.java:291)
	at org.testng.SuiteRunner.run(SuiteRunner.java:240)
	at org.testng.SuiteRunnerWorker.runSuite(SuiteRunnerWorker.java:52)
	at org.testng.SuiteRunnerWorker.run(SuiteRunnerWorker.java:86)
	at org.testng.TestNG.runSuitesSequentially(TestNG.java:1198)
	at org.testng.TestNG.runSuitesLocally(TestNG.java:1123)
	at org.testng.TestNG.run(TestNG.java:1031)
	at org.apache.maven.surefire.testng.TestNGExecutor.run(TestNGExecutor.java:77)
	at org.apache.maven.surefire.testng.TestNGDirectoryTestSuite.execute(TestNGDirectoryTestSuite.java:110)
	at org.apache.maven.surefire.testng.TestNGProvider.invoke(TestNGProvider.java:106)
	at sun.reflect.NativeMethodAccessorImpl.invoke0(Native Method)
	at sun.reflect.NativeMethodAccessorImpl.invoke(Unknown Source)
	at sun.reflect.DelegatingMethodAccessorImpl.invoke(Unknown Source)
	at java.lang.reflect.Method.invoke(Unknown Source)
	at org.apache.maven.surefire.util.ReflectionUtils.invokeMethodWithArray(ReflectionUtils.java:189)
	at org.apache.maven.surefire.booter.ProviderFactory$ProviderProxy.invoke(ProviderFactory.java:165)
	at org.apache.maven.surefire.booter.ProviderFactory.invokeProvider(ProviderFactory.java:85)
	at org.apache.maven.surefire.booter.ForkedBooter.runSuitesInProcess(ForkedBooter.java:115)
	at org.apache.maven.surefire.booter.ForkedBooter.main(ForkedBooter.java:75)
</system-err>
  </testcase>
  <testcase classname="Test1" name="close" time="51.528">
    <failure type="java.lang.NullPointerException">java.lang.NullPointerException
	at testDriver.Driver.close(Driver.java:37)
	at sun.reflect.NativeMethodAccessorImpl.invoke0(Native Method)
	at sun.reflect.NativeMethodAccessorImpl.invoke(Unknown Source)
	at sun.reflect.DelegatingMethodAccessorImpl.invoke(Unknown Source)
	at java.lang.reflect.Method.invoke(Unknown Source)
	at org.testng.internal.MethodInvocationHelper.invokeMethod(MethodInvocationHelper.java:80)
	at org.testng.internal.Invoker.invokeConfigurationMethod(Invoker.java:564)
	at org.testng.internal.Invoker.invokeConfigurations(Invoker.java:213)
	at org.testng.internal.Invoker.invokeConfigurations(Invoker.java:138)
	at org.testng.TestRunner.afterRun(TestRunner.java:1021)
	at org.testng.TestRunner.run(TestRunner.java:621)
	at org.testng.SuiteRunner.runTest(SuiteRunner.java:334)
	at org.testng.SuiteRunner.runSequentially(SuiteRunner.java:329)
	at org.testng.SuiteRunner.privateRun(SuiteRunner.java:291)
	at org.testng.SuiteRunner.run(SuiteRunner.java:240)
	at org.testng.SuiteRunnerWorker.runSuite(SuiteRunnerWorker.java:52)
	at org.testng.SuiteRunnerWorker.run(SuiteRunnerWorker.java:86)
	at org.testng.TestNG.runSuitesSequentially(TestNG.java:1198)
	at org.testng.TestNG.runSuitesLocally(TestNG.java:1123)
	at org.testng.TestNG.run(TestNG.java:1031)
	at org.apache.maven.surefire.testng.TestNGExecutor.run(TestNGExecutor.java:77)
	at org.apache.maven.surefire.testng.TestNGDirectoryTestSuite.execute(TestNGDirectoryTestSuite.java:110)
	at org.apache.maven.surefire.testng.TestNGProvider.invoke(TestNGProvider.java:106)
	at sun.reflect.NativeMethodAccessorImpl.invoke0(Native Method)
	at sun.reflect.NativeMethodAccessorImpl.invoke(Unknown Source)
	at sun.reflect.DelegatingMethodAccessorImpl.invoke(Unknown Source)
	at java.lang.reflect.Method.invoke(Unknown Source)
	at org.apache.maven.surefire.util.ReflectionUtils.invokeMethodWithArray(ReflectionUtils.java:189)
	at org.apache.maven.surefire.booter.ProviderFactory$ProviderProxy.invoke(ProviderFactory.java:165)
	at org.apache.maven.surefire.booter.ProviderFactory.invokeProvider(ProviderFactory.java:85)
	at org.apache.maven.surefire.booter.ForkedBooter.runSuitesInProcess(ForkedBooter.java:115)
	at org.apache.maven.surefire.booter.ForkedBooter.main(ForkedBooter.java:75)
</failure>
  </testcase>
</testsuite>