-------------------------------------------------------------------------------
Test set: Test1
-------------------------------------------------------------------------------
Tests run: 2, Failures: 2, Errors: 0, Skipped: 0, Time elapsed: 52.542 sec <<< FAILURE!
test1(Test1)  Time elapsed: 51.526 sec  <<< FAILURE!
org.openqa.selenium.WebDriverException: Failed to connect to binary FirefoxBinary(C:\Program Files (x86)\Mozilla Firefox\firefox.exe) on port 7055; process output follows: 
ing manifest for C:\Program Files (x86)\Mozilla Firefox\browser\features\webcompat@mozilla.org.xpi
1500356729358	addons.xpi	DEBUG	Calling bootstrap method startup on webcompat@mozilla.org version 1.1
1500356729364	addons.manager	DEBUG	Registering shutdown blocker for XPIProvider
1500356729364	addons.manager	DEBUG	Provider finished startup: XPIProvider
1500356729364	addons.manager	DEBUG	Starting provider: LightweightThemeManager
1500356729364	addons.manager	DEBUG	Registering shutdown blocker for LightweightThemeManager
1500356729364	addons.manager	DEBUG	Provider finished startup: LightweightThemeManager
1500356729365	addons.manager	DEBUG	Starting provider: GMPProvider
1500356729372	addons.manager	DEBUG	Registering shutdown blocker for GMPProvider
1500356729372	addons.manager	DEBUG	Provider finished startup: GMPProvider
1500356729372	addons.manager	DEBUG	Starting provider: PluginProvider
1500356729372	addons.manager	DEBUG	Registering shutdown blocker for PluginProvider
1500356729373	addons.manager	DEBUG	Provider finished startup: PluginProvider
1500356729373	addons.manager	DEBUG	Completed startup sequence
1500356731594	addons.manager	DEBUG	Starting provider: <unnamed-provider>
1500356731595	addons.manager	DEBUG	Registering shutdown blocker for <unnamed-provider>
1500356731595	addons.manager	DEBUG	Provider finished startup: <unnamed-provider>
1500356732040	DeferredSave.extensions.json	DEBUG	Write succeeded
1500356732040	addons.xpi-utils	DEBUG	XPI Database saved, setting schema version preference to 19
1500356732040	DeferredSave.extensions.json	DEBUG	Starting timer
1500356732059	addons.repository	DEBUG	No addons.json found.
1500356732059	DeferredSave.addons.json	DEBUG	Save changes
1500356732063	DeferredSave.addons.json	DEBUG	Starting timer
1500356732167	addons.manager	DEBUG	Starting provider: PreviousExperimentProvider
1500356732167	addons.manager	DEBUG	Registering shutdown blocker for PreviousExperimentProvider
1500356732168	addons.manager	DEBUG	Provider finished startup: PreviousExperimentProvider
1500356732174	DeferredSave.extensions.json	DEBUG	Starting write
1500356732176	DeferredSave.addons.json	DEBUG	Starting write
1500356732417	DeferredSave.extensions.json	DEBUG	Write succeeded
1500356732429	DeferredSave.addons.json	DEBUG	Write succeeded
[GPU 11328] WARNING: pipe error: 109: file c:/builds/moz2_slave/m-rel-w32-00000000000000000000/build/src/ipc/chromium/src/chrome/common/ipc_channel_win.cc, line 346
1500356757743	addons.xpi	DEBUG	Calling bootstrap method shutdown on webcompat@mozilla.org version 1.1
1500356757743	addons.xpi	DEBUG	Calling bootstrap method shutdown on screenshots@mozilla.org version 6.6.0
1500356757744	addons.xpi	DEBUG	Calling bootstrap method shutdown on firefox@getpocket.com version 1.0.5
1500356757747	addons.xpi	DEBUG	Calling bootstrap method shutdown on e10srollout@mozilla.org version 1.50
1500356757748	addons.xpi	DEBUG	Calling bootstrap method shutdown on aushelper@mozilla.org version 2.0
[GPU 11328] WARNING: pipe error: 109: file c:/builds/moz2_slave/m-rel-w32-00000000000000000000/build/src/ipc/chromium/src/chrome/common/ipc_channel_win.cc, line 346
[Child 8932] WARNING: pipe error: 109: file c:/builds/moz2_slave/m-rel-w32-00000000000000000000/build/src/ipc/chromium/src/chrome/common/ipc_channel_win.cc, line 346
1500356758124	addons.manager	DEBUG	shutdown
1500356758124	addons.manager	DEBUG	Calling shutdown blocker for XPIProvider
1500356758125	addons.xpi	DEBUG	shutdown
1500356758125	addons.xpi-utils	DEBUG	shutdown
1500356758126	addons.manager	DEBUG	Calling shutdown blocker for LightweightThemeManager
1500356758127	addons.manager	DEBUG	Calling shutdown blocker for GMPProvider
1500356758129	addons.manager	DEBUG	Calling shutdown blocker for PluginProvider
1500356758130	addons.manager	DEBUG	Calling shutdown blocker for <unnamed-provider>
1500356758132	addons.manager	DEBUG	Calling shutdown blocker for PreviousExperimentProvider
1500356758136	addons.xpi	DEBUG	Notifying XPI shutdown observers
1500356758142	addons.manager	DEBUG	Async provider shutdown done
Build info: version: '2.53.1', revision: 'a36b8b1cd5757287168e54b817830adce9b0158d', time: '2016-06-30 19:26:09'
System info: host: 'LP-SwatiJaiswal', ip: '172.18.100.85', os.name: 'Windows 7', os.arch: 'amd64', os.version: '6.1', java.version: '1.8.0_131'
Driver info: driver.version: Driver
	at org.openqa.selenium.firefox.internal.NewProfileExtensionConnection.start(NewProfileExtensionConnection.java:125)
	at org.openqa.selenium.firefox.FirefoxDriver.startClient(FirefoxDriver.java:271)
	at org.openqa.selenium.remote.RemoteWebDriver.<init>(RemoteWebDriver.java:119)
	at org.openqa.selenium.firefox.FirefoxDriver.<init>(FirefoxDriver.java:216)
	at org.openqa.selenium.firefox.FirefoxDriver.<init>(FirefoxDriver.java:211)
	at org.openqa.selenium.firefox.FirefoxDriver.<init>(FirefoxDriver.java:207)
	at org.openqa.selenium.firefox.FirefoxDriver.<init>(FirefoxDriver.java:120)
	at testDriver.Driver.init(Driver.java:17)
	at Test1.test1(Test1.java:29)
Caused by: org.openqa.selenium.firefox.NotConnectedException: Unable to connect to host 127.0.0.1 on port 7055 after 45000 ms. Firefox console output:
ing manifest for C:\Program Files (x86)\Mozilla Firefox\browser\features\webcompat@mozilla.org.xpi
1500356729358	addons.xpi	DEBUG	Calling bootstrap method startup on webcompat@mozilla.org version 1.1
1500356729364	addons.manager	DEBUG	Registering shutdown blocker for XPIProvider
1500356729364	addons.manager	DEBUG	Provider finished startup: XPIProvider
1500356729364	addons.manager	DEBUG	Starting provider: LightweightThemeManager
1500356729364	addons.manager	DEBUG	Registering shutdown blocker for LightweightThemeManager
1500356729364	addons.manager	DEBUG	Provider finished startup: LightweightThemeManager
1500356729365	addons.manager	DEBUG	Starting provider: GMPProvider
1500356729372	addons.manager	DEBUG	Registering shutdown blocker for GMPProvider
1500356729372	addons.manager	DEBUG	Provider finished startup: GMPProvider
1500356729372	addons.manager	DEBUG	Starting provider: PluginProvider
1500356729372	addons.manager	DEBUG	Registering shutdown blocker for PluginProvider
1500356729373	addons.manager	DEBUG	Provider finished startup: PluginProvider
1500356729373	addons.manager	DEBUG	Completed startup sequence
1500356731594	addons.manager	DEBUG	Starting provider: <unnamed-provider>
1500356731595	addons.manager	DEBUG	Registering shutdown blocker for <unnamed-provider>
1500356731595	addons.manager	DEBUG	Provider finished startup: <unnamed-provider>
1500356732040	DeferredSave.extensions.json	DEBUG	Write succeeded
1500356732040	addons.xpi-utils	DEBUG	XPI Database saved, setting schema version preference to 19
1500356732040	DeferredSave.extensions.json	DEBUG	Starting timer
1500356732059	addons.repository	DEBUG	No addons.json found.
1500356732059	DeferredSave.addons.json	DEBUG	Save changes
1500356732063	DeferredSave.addons.json	DEBUG	Starting timer
1500356732167	addons.manager	DEBUG	Starting provider: PreviousExperimentProvider
1500356732167	addons.manager	DEBUG	Registering shutdown blocker for PreviousExperimentProvider
1500356732168	addons.manager	DEBUG	Provider finished startup: PreviousExperimentProvider
1500356732174	DeferredSave.extensions.json	DEBUG	Starting write
1500356732176	DeferredSave.addons.json	DEBUG	Starting write
1500356732417	DeferredSave.extensions.json	DEBUG	Write succeeded
1500356732429	DeferredSave.addons.json	DEBUG	Write succeeded
[GPU 11328] WARNING: pipe error: 109: file c:/builds/moz2_slave/m-rel-w32-00000000000000000000/build/src/ipc/chromium/src/chrome/common/ipc_channel_win.cc, line 346
1500356757743	addons.xpi	DEBUG	Calling bootstrap method shutdown on webcompat@mozilla.org version 1.1
1500356757743	addons.xpi	DEBUG	Calling bootstrap method shutdown on screenshots@mozilla.org version 6.6.0
1500356757744	addons.xpi	DEBUG	Calling bootstrap method shutdown on firefox@getpocket.com version 1.0.5
1500356757747	addons.xpi	DEBUG	Calling bootstrap method shutdown on e10srollout@mozilla.org version 1.50
1500356757748	addons.xpi	DEBUG	Calling bootstrap method shutdown on aushelper@mozilla.org version 2.0
[GPU 11328] WARNING: pipe error: 109: file c:/builds/moz2_slave/m-rel-w32-00000000000000000000/build/src/ipc/chromium/src/chrome/common/ipc_channel_win.cc, line 346
[Child 8932] WARNING: pipe error: 109: file c:/builds/moz2_slave/m-rel-w32-00000000000000000000/build/src/ipc/chromium/src/chrome/common/ipc_channel_win.cc, line 346
1500356758124	addons.manager	DEBUG	shutdown
1500356758124	addons.manager	DEBUG	Calling shutdown blocker for XPIProvider
1500356758125	addons.xpi	DEBUG	shutdown
1500356758125	addons.xpi-utils	DEBUG	shutdown
1500356758126	addons.manager	DEBUG	Calling shutdown blocker for LightweightThemeManager
1500356758127	addons.manager	DEBUG	Calling shutdown blocker for GMPProvider
1500356758129	addons.manager	DEBUG	Calling shutdown blocker for PluginProvider
1500356758130	addons.manager	DEBUG	Calling shutdown blocker for <unnamed-provider>
1500356758132	addons.manager	DEBUG	Calling shutdown blocker for PreviousExperimentProvider
1500356758136	addons.xpi	DEBUG	Notifying XPI shutdown observers
1500356758142	addons.manager	DEBUG	Async provider shutdown done

	at org.openqa.selenium.firefox.internal.NewProfileExtensionConnection.start(NewProfileExtensionConnection.java:113)
	... 41 more

close(Test1)  Time elapsed: 51.528 sec  <<< FAILURE!
java.lang.NullPointerException
	at testDriver.Driver.close(Driver.java:37)
	at sun.reflect.NativeMethodAccessorImpl.invoke0(Native Method)
	at sun.reflect.NativeMethodAccessorImpl.invoke(Unknown Source)
	at sun.reflect.DelegatingMethodAccessorImpl.invoke(Unknown Source)
	at java.lang.reflect.Method.invoke(Unknown Source)
	at org.testng.internal.MethodInvocationHelper.invokeMethod(MethodInvocationHelper.java:80)
	at org.testng.internal.Invoker.invokeConfigurationMethod(Invoker.java:564)
	at org.testng.internal.Invoker.invokeConfigurations(Invoker.java:213)
	at org.testng.internal.Invoker.invokeConfigurations(Invoker.java:138)
	at org.testng.TestRunner.afterRun(TestRunner.java:1021)
	at org.testng.TestRunner.run(TestRunner.java:621)
	at org.testng.SuiteRunner.runTest(SuiteRunner.java:334)
	at org.testng.SuiteRunner.runSequentially(SuiteRunner.java:329)
	at org.testng.SuiteRunner.privateRun(SuiteRunner.java:291)
	at org.testng.SuiteRunner.run(SuiteRunner.java:240)
	at org.testng.SuiteRunnerWorker.runSuite(SuiteRunnerWorker.java:52)
	at org.testng.SuiteRunnerWorker.run(SuiteRunnerWorker.java:86)
	at org.testng.TestNG.runSuitesSequentially(TestNG.java:1198)
	at org.testng.TestNG.runSuitesLocally(TestNG.java:1123)
	at org.testng.TestNG.run(TestNG.java:1031)
	at org.apache.maven.surefire.testng.TestNGExecutor.run(TestNGExecutor.java:77)
	at org.apache.maven.surefire.testng.TestNGDirectoryTestSuite.execute(TestNGDirectoryTestSuite.java:110)
	at org.apache.maven.surefire.testng.TestNGProvider.invoke(TestNGProvider.java:106)
	at sun.reflect.NativeMethodAccessorImpl.invoke0(Native Method)
	at sun.reflect.NativeMethodAccessorImpl.invoke(Unknown Source)
	at sun.reflect.DelegatingMethodAccessorImpl.invoke(Unknown Source)
	at java.lang.reflect.Method.invoke(Unknown Source)
	at org.apache.maven.surefire.util.ReflectionUtils.invokeMethodWithArray(ReflectionUtils.java:189)
	at org.apache.maven.surefire.booter.ProviderFactory$ProviderProxy.invoke(ProviderFactory.java:165)
	at org.apache.maven.surefire.booter.ProviderFactory.invokeProvider(ProviderFactory.java:85)
	at org.apache.maven.surefire.booter.ForkedBooter.runSuitesInProcess(ForkedBooter.java:115)
	at org.apache.maven.surefire.booter.ForkedBooter.main(ForkedBooter.java:75)

